<?xml version="1.0" encoding="UTF-8"?>
<!-- Generated by org.testng.reporters.JUnitReportReporter -->
<testsuite hostname="loki-PC" name="module.order.testData" tests="1" failures="0" timestamp="31 Oct 2013 09:42:37 GMT" time="0.170" errors="0">
  <testcase name="createNewIPOOrder" time="0.170" classname="module.order.testData"/>
</testsuite> <!-- module.order.testData -->
