<?xml version="1.0" encoding="UTF-8"?>
<!-- Generated by org.testng.reporters.JUnitReportReporter -->
<testsuite hostname="loki-PC" name="module.order.BEIPOOrderTest" tests="2" failures="0" timestamp="15 Nov 2013 10:05:04 GMT" time="111.443" errors="0">
  <testcase name="processAllCustomerSettlement" time="79.478" classname="module.order.BEIPOOrderTest"/>
  <testcase name="approveAggregateOrder" time="31.965" classname="module.order.BEIPOOrderTest"/>
</testsuite> <!-- module.order.BEIPOOrderTest -->
