<?xml version="1.0" encoding="UTF-8"?>
<!-- Generated by org.testng.reporters.JUnitReportReporter -->
<testsuite hostname="loki-PC" name="com.excelsh.core.common.SeleniumUtil" tests="1" failures="0" timestamp="31 Oct 2013 08:26:10 GMT" time="1.843" errors="0">
  <testcase name="loadJquery" time="1.843" classname="com.excelsh.core.common.SeleniumUtil"/>
</testsuite> <!-- com.excelsh.core.common.SeleniumUtil -->
