<?xml version="1.0" encoding="UTF-8"?>
<!-- Generated by org.testng.reporters.JUnitReportReporter -->
<testsuite hostname="loki-PC" name="module.login.UserLoginTest" tests="1" failures="0" timestamp="15 Nov 2013 07:06:06 GMT" time="21.585" errors="0">
  <testcase name="userLogin" time="21.585" classname="module.login.UserLoginTest"/>
</testsuite> <!-- module.login.UserLoginTest -->
